\BOOKMARK [1][-]{section.1}{\376\377\004\042\004\065\004\105\004\075\004\070\004\107\004\065\004\101\004\072\004\076\004\065\000\040\004\067\004\060\004\064\004\060\004\075\004\070\004\065}{}% 1
\BOOKMARK [2][-]{subsection.1.1}{\376\377\004\044\004\076\004\100\004\074\004\103\004\073\004\070\004\100\004\076\004\062\004\072\004\060}{section.1}% 2
\BOOKMARK [2][-]{subsection.1.2}{\376\377\004\042\004\100\004\065\004\061\004\103\004\065\004\074\004\113\004\071\000\040\004\104\004\103\004\075\004\072\004\106\004\070\004\076\004\075\004\060\004\073}{section.1}% 3
\BOOKMARK [3][-]{subsubsection.1.2.1}{\376\377\004\040\004\065\004\066\004\070\004\074\000\040\004\070\004\063\004\100\004\113\000\040\000-\000\040\004\106\004\062\004\065\004\102\004\075\004\113\004\065\000\040\004\074\004\070\004\101\004\101\004\070\004\070}{subsection.1.2}% 4
\BOOKMARK [3][-]{subsubsection.1.2.2}{\376\377\004\040\004\065\004\066\004\070\004\074\000\040\004\070\004\063\004\100\004\113\000\040\000-\000\040\004\064\004\073\004\070\004\075\004\075\004\060\004\117\000\040\004\106\004\065\004\077\004\076\004\107\004\072\004\060}{subsection.1.2}% 5
\BOOKMARK [3][-]{subsubsection.1.2.3}{\376\377\004\040\004\065\004\066\004\070\004\074\000\040\004\070\004\063\004\100\004\113\000\040\000-\000\040\004\062\004\100\004\060\004\063\000\040\004\075\004\065\000\040\004\064\004\100\004\065\004\074\004\073\004\065\004\102}{subsection.1.2}% 6
\BOOKMARK [3][-]{subsubsection.1.2.4}{\376\377\004\040\004\065\004\066\004\070\004\074\000\040\004\070\004\063\004\100\004\113\000\040\000-\000\040\004\064\004\073\004\070\004\075\004\075\004\113\004\071\000\040\004\073\004\060\004\061\004\070\004\100\004\070\004\075\004\102}{subsection.1.2}% 7
\BOOKMARK [3][-]{subsubsection.1.2.5}{\376\377\004\040\004\065\004\064\004\060\004\072\004\102\004\076\004\100\000\040\004\072\004\060\004\100\004\102}{subsection.1.2}% 8
\BOOKMARK [3][-]{subsubsection.1.2.6}{\376\377\004\027\004\062\004\103\004\072}{subsection.1.2}% 9
\BOOKMARK [1][-]{section.2}{\376\377\004\041\004\102\004\100\004\103\004\072\004\102\004\103\004\100\004\060\000\040\004\077\004\100\004\070\004\073\004\076\004\066\004\065\004\075\004\070\004\117}{}% 10
\BOOKMARK [2][-]{subsection.2.1}{\376\377\004\036\004\101\004\075\004\076\004\062\004\075\004\113\004\065\000\040\004\074\004\076\004\064\004\103\004\073\004\070}{section.2}% 11
\BOOKMARK [3][-]{subsubsection.2.1.1}{\376\377\004\034\004\076\004\064\004\103\004\073\004\114\000\040\000f\000o\000r\000m\000-\000m\000a\000i\000n}{subsection.2.1}% 12
\BOOKMARK [3][-]{subsubsection.2.1.2}{\376\377\004\034\004\076\004\064\004\103\004\073\004\114\000\040\000f\000o\000r\000m\000-\000g\000a\000m\000e\000-\000m\000o\000d\000e\000-\0002}{subsection.2.1}% 13
\BOOKMARK [3][-]{subsubsection.2.1.3}{\376\377\004\034\004\076\004\064\004\103\004\073\004\114\000\040\000c\000a\000r\000d\000-\000e\000d\000i\000t\000o\000r}{subsection.2.1}% 14
\BOOKMARK [3][-]{subsubsection.2.1.4}{\376\377\004\034\004\076\004\064\004\103\004\073\004\114\000\040\000m\000e\000c\000h\000a\000n\000i\000c\000s}{subsection.2.1}% 15
\BOOKMARK [2][-]{subsection.2.2}{\376\377\004\033\004\076\004\063\004\070\004\072\004\060\000\040\004\100\004\060\004\061\004\076\004\102\004\113\000\040\004\077\004\100\004\070\004\073\004\076\004\066\004\065\004\075\004\070\004\117}{section.2}% 16
\BOOKMARK [3][-]{subsubsection.2.2.1}{\376\377\004\030\004\101\004\077\004\076\004\073\004\117\004\065\004\074\004\060\004\117\000\040\004\073\004\076\004\063\004\070\004\072\004\060}{subsection.2.2}% 17
\BOOKMARK [3][-]{subsubsection.2.2.2}{\376\377\004\033\004\076\004\063\004\070\004\072\004\060\000\040\004\064\004\076\004\101\004\102\004\103\004\077\004\060\000\040\004\072\000\040\004\064\004\060\004\075\004\075\004\113\004\074\000\040\004\070\000\040\004\067\004\060\004\077\004\070\004\101\004\070\000\040\004\064\004\060\004\075\004\075\004\113\004\105}{subsection.2.2}% 18
\BOOKMARK [3][-]{subsubsection.2.2.3}{\376\377\004\037\004\100\004\065\004\067\004\065\004\075\004\102\004\060\004\106\004\070\004\076\004\075\004\075\004\060\004\117\000\040\004\073\004\076\004\063\004\070\004\072\004\060}{subsection.2.2}% 19
\BOOKMARK [2][-]{subsection.2.3}{\376\377\004\022\004\067\004\060\004\070\004\074\004\076\004\064\004\065\004\071\004\101\004\102\004\062\004\070\004\065\000\040\004\074\004\065\004\066\004\064\004\103\000\040\004\074\004\076\004\064\004\103\004\073\004\117\004\074\004\070}{section.2}% 20
\BOOKMARK [1][-]{section.3}{\376\377\004\036\004\101\004\075\004\076\004\062\004\075\004\113\004\065\000\040\004\060\004\073\004\063\004\076\004\100\004\070\004\102\004\074\004\113}{}% 21
\BOOKMARK [2][-]{subsection.3.1}{\376\377\004\020\004\073\004\063\004\076\004\100\004\070\004\102\004\074\000\040\004\067\004\060\004\063\004\100\004\103\004\067\004\072\004\070\000\040\004\072\004\060\004\100\004\102\004\113}{section.3}% 22
\BOOKMARK [3][-]{subsubsection.3.1.1}{\376\377\004\037\004\076\004\110\004\060\004\063\004\076\004\062\004\076\004\065\000\040\004\076\004\077\004\070\004\101\004\060\004\075\004\070\004\065}{subsection.3.1}% 23
\BOOKMARK [2][-]{subsection.3.2}{\376\377\004\020\004\073\004\063\004\076\004\100\004\070\004\102\004\074\000\040\004\076\004\102\004\100\004\070\004\101\004\076\004\062\004\072\004\070\000\040\004\072\004\060\004\100\004\102\004\113}{section.3}% 24
\BOOKMARK [3][-]{subsubsection.3.2.1}{\376\377\004\037\004\076\004\110\004\060\004\063\004\076\004\062\004\076\004\065\000\040\004\076\004\077\004\070\004\101\004\060\004\075\004\070\004\065}{subsection.3.2}% 25
\BOOKMARK [2][-]{subsection.3.3}{\376\377\004\020\004\073\004\063\004\076\004\100\004\070\004\102\004\074\000\040\004\064\004\062\004\070\004\066\004\065\004\075\004\070\004\117\000\040\004\070\000\040\004\077\004\076\004\062\004\065\004\064\004\065\004\075\004\070\004\117\000\040\004\074\004\076\004\061\004\076\004\062}{section.3}% 26
\BOOKMARK [3][-]{subsubsection.3.3.1}{\376\377\004\037\004\076\004\110\004\060\004\063\004\076\004\062\004\076\004\065\000\040\004\076\004\077\004\070\004\101\004\060\004\075\004\070\004\065}{subsection.3.3}% 27
\BOOKMARK [2][-]{subsection.3.4}{\376\377\004\020\004\073\004\063\004\076\004\100\004\070\004\102\004\074\000\040\004\064\004\062\004\070\004\066\004\065\004\075\004\070\004\117\000\040\004\067\004\074\004\065\004\071\004\072\004\070}{section.3}% 28
\BOOKMARK [3][-]{subsubsection.3.4.1}{\376\377\004\037\004\076\004\110\004\060\004\063\004\076\004\062\004\076\004\065\000\040\004\076\004\077\004\070\004\101\004\060\004\075\004\070\004\065}{subsection.3.4}% 29
\BOOKMARK [2][-]{subsection.3.5}{\376\377\004\020\004\073\004\063\004\076\004\100\004\070\004\102\004\074\000\040\004\076\004\061\004\100\004\060\004\061\004\076\004\102\004\072\004\070\000\040\004\064\004\062\004\070\004\066\004\065\004\075\004\070\004\117}{section.3}% 30
\BOOKMARK [3][-]{subsubsection.3.5.1}{\376\377\004\037\004\076\004\110\004\060\004\063\004\076\004\062\004\076\004\065\000\040\004\076\004\077\004\070\004\101\004\060\004\075\004\070\004\065}{subsection.3.5}% 31
\BOOKMARK [1][-]{section.4}{\376\377\004\040\004\103\004\072\004\076\004\062\004\076\004\064\004\101\004\102\004\062\004\076\000\040\004\077\004\076\004\073\004\114\004\067\004\076\004\062\004\060\004\102\004\065\004\073\004\117}{}% 32
\BOOKMARK [2][-]{subsection.4.1}{\376\377\004\036\004\077\004\070\004\101\004\060\004\075\004\070\004\065\000\040\004\070\004\063\004\100\004\113}{section.4}% 33
\BOOKMARK [2][-]{subsection.4.2}{\376\377\004\041\004\070\004\101\004\102\004\065\004\074\004\075\004\113\004\065\000\040\004\102\004\100\004\065\004\061\004\076\004\062\004\060\004\075\004\070\004\117}{section.4}% 34
\BOOKMARK [2][-]{subsection.4.3}{\376\377\004\035\004\060\004\107\004\060\004\073\004\076\000\040\004\070\004\063\004\100\004\113}{section.4}% 35
\BOOKMARK [2][-]{subsection.4.4}{\376\377\004\040\004\060\004\061\004\076\004\102\004\060\000\040\004\101\000\040\004\100\004\065\004\064\004\060\004\072\004\102\004\076\004\100\004\076\004\074\000\040\004\072\004\060\004\100\004\102}{section.4}% 36
\BOOKMARK [1][-]{section.5}{\376\377\004\021\004\070\004\061\004\073\004\070\004\076\004\063\004\100\004\060\004\104\004\070\004\117}{}% 37
\BOOKMARK [2][-]{subsection.5.1}{\376\377\000D\000e\000l\000p\000h\000i}{section.5}% 38
\BOOKMARK [1][-]{section.6}{\376\377\004\037\004\100\004\070\004\073\004\076\004\066\004\065\004\075\004\070\004\065}{}% 39
\BOOKMARK [2][-]{subsection.6.1}{\376\377\000f\000o\000r\000m\000-\000m\000a\000i\000n\000.\000p\000a\000s}{section.6}% 40
\BOOKMARK [2][-]{subsection.6.2}{\376\377\000m\000e\000c\000h\000a\000n\000i\000c\000s\000.\000p\000a\000s}{section.6}% 41
\BOOKMARK [2][-]{subsection.6.3}{\376\377\000f\000o\000r\000m\000-\000g\000a\000m\000e\000-\000m\000o\000d\000e\000-\0002\000.\000p\000a\000s}{section.6}% 42
\BOOKMARK [2][-]{subsection.6.4}{\376\377\000c\000a\000r\000d\000-\000e\000d\000i\000t\000o\000r\000.\000p\000a\000s}{section.6}% 43
